Info: Starting: Create block symbol file (.bsf)
Info: qsys-generate D:\assignments\391-dev\arm.qsys --block-symbol-file --output-directory=D:\assignments\391-dev\arm --family="Cyclone V" --part=5CSEMA5F31C6
Progress: Loading 391-dev/arm.qsys
Progress: Reading input file
Progress: Adding clk_0 [clock_source 19.1]
Progress: Parameterizing module clk_0
Progress: Adding hps_0 [altera_hps 19.1]
Progress: Parameterizing module hps_0
Progress: Adding pio_0 [altera_avalon_pio 19.1]
Progress: Parameterizing module pio_0
Progress: Adding pio_1 [altera_avalon_pio 19.1]
Progress: Parameterizing module pio_1
Progress: Adding pio_10 [altera_avalon_pio 19.1]
Progress: Parameterizing module pio_10
Progress: Adding pio_11 [altera_avalon_pio 19.1]
Progress: Parameterizing module pio_11
Progress: Adding pio_12 [altera_avalon_pio 19.1]
Progress: Parameterizing module pio_12
Progress: Adding pio_13 [altera_avalon_pio 19.1]
Progress: Parameterizing module pio_13
Progress: Adding pio_14 [altera_avalon_pio 19.1]
Progress: Parameterizing module pio_14
Progress: Adding pio_15 [altera_avalon_pio 19.1]
Progress: Parameterizing module pio_15
Progress: Adding pio_16 [altera_avalon_pio 19.1]
Progress: Parameterizing module pio_16
Progress: Adding pio_17 [altera_avalon_pio 19.1]
Progress: Parameterizing module pio_17
Progress: Adding pio_18 [altera_avalon_pio 19.1]
Progress: Parameterizing module pio_18
Progress: Adding pio_2 [altera_avalon_pio 19.1]
Progress: Parameterizing module pio_2
Progress: Adding pio_3 [altera_avalon_pio 19.1]
Progress: Parameterizing module pio_3
Progress: Adding pio_4 [altera_avalon_pio 19.1]
Progress: Parameterizing module pio_4
Progress: Adding pio_5 [altera_avalon_pio 19.1]
Progress: Parameterizing module pio_5
Progress: Adding pio_6 [altera_avalon_pio 19.1]
Progress: Parameterizing module pio_6
Progress: Adding pio_7 [altera_avalon_pio 19.1]
Progress: Parameterizing module pio_7
Progress: Adding pio_8 [altera_avalon_pio 19.1]
Progress: Parameterizing module pio_8
Progress: Adding pio_9 [altera_avalon_pio 19.1]
Progress: Parameterizing module pio_9
Progress: Building connections
Progress: Parameterizing connections
Progress: Validating
Progress: Done reading input file
Info: arm.hps_0: HPS Main PLL counter settings: n = 0  m = 73
Info: arm.hps_0: HPS peripherial PLL counter settings: n = 0  m = 39
Warning: arm.hps_0: "Configuration/HPS-to-FPGA user 0 clock frequency" (desired_cfg_clk_mhz) requested 100.0 MHz, but only achieved 97.368421 MHz
Warning: arm.hps_0: 1 or more output clock frequencies cannot be achieved precisely, consider revising desired output clock frequencies.
Warning: arm.hps_0: set_interface_assignment: Interface "hps_io" does not exist
Info: arm.pio_1: PIO inputs are not hardwired in test bench. Undefined values will be read from PIO inputs during simulation.
Info: qsys-generate succeeded.
Info: Finished: Create block symbol file (.bsf)
Info: 
Info: Starting: Create HDL design files for synthesis
Info: qsys-generate D:\assignments\391-dev\arm.qsys --synthesis=VERILOG --output-directory=D:\assignments\391-dev\arm\synthesis --family="Cyclone V" --part=5CSEMA5F31C6
Progress: Loading 391-dev/arm.qsys
Progress: Reading input file
Progress: Adding clk_0 [clock_source 19.1]
Progress: Parameterizing module clk_0
Progress: Adding hps_0 [altera_hps 19.1]
Progress: Parameterizing module hps_0
Progress: Adding pio_0 [altera_avalon_pio 19.1]
Progress: Parameterizing module pio_0
Progress: Adding pio_1 [altera_avalon_pio 19.1]
Progress: Parameterizing module pio_1
Progress: Adding pio_10 [altera_avalon_pio 19.1]
Progress: Parameterizing module pio_10
Progress: Adding pio_11 [altera_avalon_pio 19.1]
Progress: Parameterizing module pio_11
Progress: Adding pio_12 [altera_avalon_pio 19.1]
Progress: Parameterizing module pio_12
Progress: Adding pio_13 [altera_avalon_pio 19.1]
Progress: Parameterizing module pio_13
Progress: Adding pio_14 [altera_avalon_pio 19.1]
Progress: Parameterizing module pio_14
Progress: Adding pio_15 [altera_avalon_pio 19.1]
Progress: Parameterizing module pio_15
Progress: Adding pio_16 [altera_avalon_pio 19.1]
Progress: Parameterizing module pio_16
Progress: Adding pio_17 [altera_avalon_pio 19.1]
Progress: Parameterizing module pio_17
Progress: Adding pio_18 [altera_avalon_pio 19.1]
Progress: Parameterizing module pio_18
Progress: Adding pio_2 [altera_avalon_pio 19.1]
Progress: Parameterizing module pio_2
Progress: Adding pio_3 [altera_avalon_pio 19.1]
Progress: Parameterizing module pio_3
Progress: Adding pio_4 [altera_avalon_pio 19.1]
Progress: Parameterizing module pio_4
Progress: Adding pio_5 [altera_avalon_pio 19.1]
Progress: Parameterizing module pio_5
Progress: Adding pio_6 [altera_avalon_pio 19.1]
Progress: Parameterizing module pio_6
Progress: Adding pio_7 [altera_avalon_pio 19.1]
Progress: Parameterizing module pio_7
Progress: Adding pio_8 [altera_avalon_pio 19.1]
Progress: Parameterizing module pio_8
Progress: Adding pio_9 [altera_avalon_pio 19.1]
Progress: Parameterizing module pio_9
Progress: Building connections
Progress: Parameterizing connections
Progress: Validating
Progress: Done reading input file
Info: arm.hps_0: HPS Main PLL counter settings: n = 0  m = 73
Info: arm.hps_0: HPS peripherial PLL counter settings: n = 0  m = 39
Warning: arm.hps_0: "Configuration/HPS-to-FPGA user 0 clock frequency" (desired_cfg_clk_mhz) requested 100.0 MHz, but only achieved 97.368421 MHz
Warning: arm.hps_0: 1 or more output clock frequencies cannot be achieved precisely, consider revising desired output clock frequencies.
Warning: arm.hps_0: set_interface_assignment: Interface "hps_io" does not exist
Info: arm.pio_1: PIO inputs are not hardwired in test bench. Undefined values will be read from PIO inputs during simulation.
Info: arm: Generating arm "arm" for QUARTUS_SYNTH
Info: hps_0: "Running  for module: hps_0"
Info: hps_0: HPS Main PLL counter settings: n = 0  m = 73
Info: hps_0: HPS peripherial PLL counter settings: n = 0  m = 39
Warning: hps_0: "Configuration/HPS-to-FPGA user 0 clock frequency" (desired_cfg_clk_mhz) requested 100.0 MHz, but only achieved 97.368421 MHz
Warning: hps_0: 1 or more output clock frequencies cannot be achieved precisely, consider revising desired output clock frequencies.
Warning: hps_0: set_interface_assignment: Interface "hps_io" does not exist
Info: hps_0: "arm" instantiated altera_hps "hps_0"
Info: pio_0: Starting RTL generation for module 'arm_pio_0'
Info: pio_0:   Generation command is [exec D:/intelfpga_lite/19.1/quartus/bin64/perl/bin/perl.exe -I D:/intelfpga_lite/19.1/quartus/sopc_builder/bin/europa -I D:/intelfpga_lite/19.1/quartus/sopc_builder/bin -I D:/intelfpga_lite/19.1/quartus/../ip/altera/sopc_builder_ip/common -I D:/intelfpga_lite/19.1/quartus/../ip/altera/sopc_builder_ip/altera_avalon_pio -- D:/intelfpga_lite/19.1/quartus/../ip/altera/sopc_builder_ip/altera_avalon_pio/generate_rtl.pl --name=arm_pio_0 --dir=C:/Users/zzmni/AppData/Local/Temp/alt9089_3796923919318833961.dir/0002_pio_0_gen/ --quartus_dir=D:/intelfpga_lite/19.1/quartus --verilog --config=C:/Users/zzmni/AppData/Local/Temp/alt9089_3796923919318833961.dir/0002_pio_0_gen//arm_pio_0_component_configuration.pl  --do_build_sim=0  ]
Info: pio_0: Done RTL generation for module 'arm_pio_0'
Info: pio_0: "arm" instantiated altera_avalon_pio "pio_0"
Info: pio_1: Starting RTL generation for module 'arm_pio_1'
Info: pio_1:   Generation command is [exec D:/intelfpga_lite/19.1/quartus/bin64/perl/bin/perl.exe -I D:/intelfpga_lite/19.1/quartus/sopc_builder/bin/europa -I D:/intelfpga_lite/19.1/quartus/sopc_builder/bin -I D:/intelfpga_lite/19.1/quartus/../ip/altera/sopc_builder_ip/common -I D:/intelfpga_lite/19.1/quartus/../ip/altera/sopc_builder_ip/altera_avalon_pio -- D:/intelfpga_lite/19.1/quartus/../ip/altera/sopc_builder_ip/altera_avalon_pio/generate_rtl.pl --name=arm_pio_1 --dir=C:/Users/zzmni/AppData/Local/Temp/alt9089_3796923919318833961.dir/0003_pio_1_gen/ --quartus_dir=D:/intelfpga_lite/19.1/quartus --verilog --config=C:/Users/zzmni/AppData/Local/Temp/alt9089_3796923919318833961.dir/0003_pio_1_gen//arm_pio_1_component_configuration.pl  --do_build_sim=0  ]
Info: pio_1: Done RTL generation for module 'arm_pio_1'
Info: pio_1: "arm" instantiated altera_avalon_pio "pio_1"
Info: pio_2: Starting RTL generation for module 'arm_pio_2'
Info: pio_2:   Generation command is [exec D:/intelfpga_lite/19.1/quartus/bin64/perl/bin/perl.exe -I D:/intelfpga_lite/19.1/quartus/sopc_builder/bin/europa -I D:/intelfpga_lite/19.1/quartus/sopc_builder/bin -I D:/intelfpga_lite/19.1/quartus/../ip/altera/sopc_builder_ip/common -I D:/intelfpga_lite/19.1/quartus/../ip/altera/sopc_builder_ip/altera_avalon_pio -- D:/intelfpga_lite/19.1/quartus/../ip/altera/sopc_builder_ip/altera_avalon_pio/generate_rtl.pl --name=arm_pio_2 --dir=C:/Users/zzmni/AppData/Local/Temp/alt9089_3796923919318833961.dir/0004_pio_2_gen/ --quartus_dir=D:/intelfpga_lite/19.1/quartus --verilog --config=C:/Users/zzmni/AppData/Local/Temp/alt9089_3796923919318833961.dir/0004_pio_2_gen//arm_pio_2_component_configuration.pl  --do_build_sim=0  ]
Info: pio_2: Done RTL generation for module 'arm_pio_2'
Info: pio_2: "arm" instantiated altera_avalon_pio "pio_2"
Info: avalon_st_adapter: Inserting error_adapter: error_adapter_0
Info: avalon_st_adapter_001: Inserting error_adapter: error_adapter_0
Info: avalon_st_adapter_002: Inserting error_adapter: error_adapter_0
Info: avalon_st_adapter_003: Inserting error_adapter: error_adapter_0
Info: avalon_st_adapter_004: Inserting error_adapter: error_adapter_0
Info: avalon_st_adapter_005: Inserting error_adapter: error_adapter_0
Info: avalon_st_adapter_006: Inserting error_adapter: error_adapter_0
Info: avalon_st_adapter_007: Inserting error_adapter: error_adapter_0
Info: avalon_st_adapter_008: Inserting error_adapter: error_adapter_0
Info: avalon_st_adapter_009: Inserting error_adapter: error_adapter_0
Info: avalon_st_adapter_010: Inserting error_adapter: error_adapter_0
Info: avalon_st_adapter_011: Inserting error_adapter: error_adapter_0
Info: avalon_st_adapter_012: Inserting error_adapter: error_adapter_0
Info: avalon_st_adapter_013: Inserting error_adapter: error_adapter_0
Info: avalon_st_adapter_014: Inserting error_adapter: error_adapter_0
Info: avalon_st_adapter_015: Inserting error_adapter: error_adapter_0
Info: avalon_st_adapter_016: Inserting error_adapter: error_adapter_0
Info: avalon_st_adapter_017: Inserting error_adapter: error_adapter_0
Info: avalon_st_adapter_018: Inserting error_adapter: error_adapter_0
Info: mm_interconnect_0: "arm" instantiated altera_mm_interconnect "mm_interconnect_0"
Info: rst_controller: "arm" instantiated altera_reset_controller "rst_controller"
Info: fpga_interfaces: "hps_0" instantiated altera_interface_generator "fpga_interfaces"
Info: hps_io: "hps_0" instantiated altera_hps_io "hps_io"
Info: pio_0_s1_translator: "mm_interconnect_0" instantiated altera_merlin_slave_translator "pio_0_s1_translator"
Info: hps_0_h2f_lw_axi_master_agent: "mm_interconnect_0" instantiated altera_merlin_axi_master_ni "hps_0_h2f_lw_axi_master_agent"
Info: pio_0_s1_agent: "mm_interconnect_0" instantiated altera_merlin_slave_agent "pio_0_s1_agent"
Info: pio_0_s1_agent_rsp_fifo: "mm_interconnect_0" instantiated altera_avalon_sc_fifo "pio_0_s1_agent_rsp_fifo"
Info: router: "mm_interconnect_0" instantiated altera_merlin_router "router"
Info: router_002: "mm_interconnect_0" instantiated altera_merlin_router "router_002"
Info: hps_0_h2f_lw_axi_master_wr_limiter: "mm_interconnect_0" instantiated altera_merlin_traffic_limiter "hps_0_h2f_lw_axi_master_wr_limiter"
Info: Reusing file D:/assignments/391-dev/arm/synthesis/submodules/altera_avalon_sc_fifo.v
Info: pio_0_s1_burst_adapter: "mm_interconnect_0" instantiated altera_merlin_burst_adapter "pio_0_s1_burst_adapter"
Info: Reusing file D:/assignments/391-dev/arm/synthesis/submodules/altera_merlin_address_alignment.sv
Info: Reusing file D:/assignments/391-dev/arm/synthesis/submodules/altera_avalon_st_pipeline_base.v
Info: cmd_demux: "mm_interconnect_0" instantiated altera_merlin_demultiplexer "cmd_demux"
Info: cmd_mux: "mm_interconnect_0" instantiated altera_merlin_multiplexer "cmd_mux"
Info: rsp_demux: "mm_interconnect_0" instantiated altera_merlin_demultiplexer "rsp_demux"
Info: rsp_mux: "mm_interconnect_0" instantiated altera_merlin_multiplexer "rsp_mux"
Info: Reusing file D:/assignments/391-dev/arm/synthesis/submodules/altera_merlin_arbitrator.sv
Info: avalon_st_adapter: "mm_interconnect_0" instantiated altera_avalon_st_adapter "avalon_st_adapter"
Info: border: "hps_io" instantiated altera_interface_generator "border"
Info: error_adapter_0: "avalon_st_adapter" instantiated error_adapter "error_adapter_0"
Info: arm: Done "arm" with 24 modules, 80 files
Info: qsys-generate succeeded.
Info: Finished: Create HDL design files for synthesis
